### 🆕 Added 18 new document(s):
- SMPTE.RDD33.2015
- SMPTE.RP168.2009
- SMPTE.ST272.2004
- SMPTE.ST276.1995
- SMPTE.OV299-0.2010
- SMPTE.ST299-1.2009
- SMPTE.ST299-2.2010
- SMPTE.ST302.2007
- SMPTE.ST314.2005
- SMPTE.ST323.2004
- SMPTE.ST340.2008
- SMPTE.ST340.2015
- SMPTE.ST2035.2009
- SMPTE.ST2035.2009Am1.2012
- SMPTE.ST2035.2020
- SMPTE.ST2101.2015
- SMPTE.ST2106.2016
- SMPTE.ST2116.2019

### 🔁 Updated 1 existing document(s):
#### SMPTE.RP68.2002 (updated fields: releaseTag, status)
  - releaseTag: `undefined` → `20020726-pub`
  - status changed: 
latestVersion: `undefined` → `true`
superseded: `undefined` → `false`
amended: `undefined` → `false`

### ⚠️ Skipped 191 duplicate(s)
- SMPTE.EG1.1990
- SMPTE.RDD1.2003
- SMPTE.ST1.1996
- SMPTE.EG2.1999
- SMPTE.RDD2.2007
- SMPTE.EG3.1994
- SMPTE.RDD3.2008
- SMPTE.ST3.1998
- SMPTE.RDD4.2005
- SMPTE.ST4.1995
- SMPTE.EG5.2003
- SMPTE.RDD5.2006
- SMPTE.ST5.1995
- SMPTE.RDD6.2008
- SMPTE.RP6.1994
- SMPTE.ST6.1998
- SMPTE.EG7.1994
- SMPTE.ST7.2004
- SMPTE.EG8.1993
- SMPTE.RDD8.2008
- SMPTE.ST8.1995
- SMPTE.EG9.2005
- SMPTE.RDD9.2006
- SMPTE.RDD9.2009
- SMPTE.RDD9.2013
- SMPTE.RP9.1995
- SMPTE.EG10.2003
- SMPTE.RDD10.2006
- SMPTE.RDD11.2007
- SMPTE.RP11.1994
- SMPTE.ST11.1995
- SMPTE.ST12-1.2008
- SMPTE.ST12-1.2008Am1.2013
- SMPTE.ST12-1.2014
- SMPTE.ST12-2.2008
- SMPTE.ST12-2.2008Am1.2013
- SMPTE.ST12-2.2014
- SMPTE.ST12-3.2016
- SMPTE.EG12.1994
- SMPTE.RP12.1997
- SMPTE.EG13.1986
- SMPTE.EG13.2012
- SMPTE.EG14.2005
- SMPTE.RDD14.2010
- SMPTE.RP14.1997
- SMPTE.EG15.2005
- SMPTE.RDD15.2007
- SMPTE.RP15.1997
- SMPTE.ST15.1998
- SMPTE.EG16.2002
- SMPTE.EG16.2014
- SMPTE.RDD16.2008
- SMPTE.RP16.1993
- SMPTE.ST16.1998
- SMPTE.EG17.2002
- SMPTE.RDD17.2009
- SMPTE.RP17.1964
- SMPTE.ST17.1998
- SMPTE.EG18.1994
- SMPTE.RDD18.2010
- SMPTE.RDD18.2012
- SMPTE.RDD18.2021
- SMPTE.RP18.1995
- SMPTE.ST18.2003
- SMPTE.RDD19.2011
- SMPTE.RP19.2003
- SMPTE.ST19.2003
- SMPTE.EG20.1997
- SMPTE.RDD20.2010
- SMPTE.RP20.2003
- SMPTE.ST20.2003
- SMPTE.EG21.1997
- SMPTE.RP21.2004
- SMPTE.RP21.2015
- SMPTE.ST21.1997
- SMPTE.EG22.1997
- SMPTE.RDD22.2012
- SMPTE.ST22.1997
- SMPTE.EG23.2005
- SMPTE.EG24.1995
- SMPTE.RDD24.2013
- SMPTE.RP24.1997
- SMPTE.ST24.1996
- SMPTE.EG25.2003
- SMPTE.RDD25.2014
- SMPTE.RP25.1995
- SMPTE.RP25.2011
- SMPTE.ST25.1995
- SMPTE.EG26.1995
- SMPTE.RDD26.2014
- SMPTE.RDD26.2015
- SMPTE.ST26.1995
- SMPTE.RP27-1.1989
- SMPTE.RP27-2.1989
- SMPTE.RP27-3.1989
- SMPTE.RP27-4.1994
- SMPTE.RP27-5.1989
- SMPTE.EG27.2004
- SMPTE.EG28.1993
- SMPTE.RDD28.2014
- SMPTE.EG29.1993
- SMPTE.RDD29.2014
- SMPTE.RDD29.2018
- SMPTE.ST29.1995
- SMPTE.EG30.1995
- SMPTE.RDD30.2014
- SMPTE.ST30.1995
- SMPTE.EG31.1995
- SMPTE.RDD31.2014
- SMPTE.ST31.2003
- SMPTE.EG32.1996
- SMPTE.RDD35.2016
- SMPTE.RDD52.2020
- SMPTE.ST199.2003
- SMPTE.OV297-0.2017
- SMPTE.ST297-1.2015
- SMPTE.ST297-2.2017
- SMPTE.ST341.2000
- SMPTE.ST342.2004
- SMPTE.ST377-1.2009
- SMPTE.ST377-1.2011
- SMPTE.ST377-1.2011Am1.2012
- SMPTE.ST377-1.2011Am2.2012
- SMPTE.ST377-1.2019
- SMPTE.ST427.2009
- SMPTE.RP428-22.2025-06
- SMPTE.ST428-24.2024-11
- SMPTE.ST428-3.2006
- SMPTE.ST429-10.2008
- SMPTE.ST429-10.2023-09
- SMPTE.ST429-2.2009
- SMPTE.ST429-2.2011
- SMPTE.ST429-2.2011Am1.2013
- SMPTE.ST429-2.2013
- SMPTE.ST429-2.2013Am1.2018
- SMPTE.ST429-2.2019
- SMPTE.ST429-2.2020
- SMPTE.ST429-2.2023-09
- SMPTE.ST429-3.2007
- SMPTE.ST429-3.2023-09
- SMPTE.ST429-4.2006
- SMPTE.ST429-4.2020
- SMPTE.ST429-4.2023-05
- SMPTE.ST429-6.2006
- SMPTE.ST429-6.2006Am1.2017
- SMPTE.ST429-6.2023-05
- SMPTE.ST429-9.2007
- SMPTE.ST429-9.2007Am1.2010
- SMPTE.ST429-9.2014
- SMPTE.ST430-1.2006
- SMPTE.ST430-1.2006Am1.2009
- SMPTE.ST430-1.2017
- SMPTE.ST430-1.2017Am1.2019
- SMPTE.ST430-1.2023-09
- SMPTE.RP431-2.2011
- SMPTE.ST431-1.2006
- SMPTE.EG432-1.2010
- SMPTE.EG432-2.2006
- SMPTE.RP2058-2.2011
- SMPTE.RP2058-3.2011
- SMPTE.RP2058-4.2011
- SMPTE.ST2058-1.2011
- SMPTE.ST2067-20.2013
- SMPTE.ST2067-20.2016
- SMPTE.AG01
- SMPTE.AG02
- SMPTE.AG03
- SMPTE.AG04
- SMPTE.AG05
- SMPTE.AG06
- SMPTE.AG07
- SMPTE.AG08
- SMPTE.AG10
- SMPTE.AG10B
- SMPTE.AG12
- SMPTE.AG14
- SMPTE.AG15
- SMPTE.AG16
- SMPTE.AG18
- SMPTE.AG19
- SMPTE.AG20
- SMPTE.AG21
- SMPTE.AG22
- SMPTE.AG24
- SMPTE.AG25
- SMPTE.AG26
- SMPTE.AG28
- SMPTE.AG29
- SMPTE.AG30
- SMPTE.AG31
- SMPTE.OM.Std

### 🧠 MRI updated (beforeExit) — uniqueRefIds=1049, orphans=0
