### 🆕 Added 67 new document(s):
- SMPTE.RP175.1997
- SMPTE.RP176.1997
- SMPTE.ST176.1999
- SMPTE.RP178.2004
- SMPTE.RP179.2002
- SMPTE.ST179.1996
- SMPTE.RP181.1999
- SMPTE.ST181.2001
- SMPTE.RP182.1995
- SMPTE.RP183.2004
- SMPTE.RP184.2004
- SMPTE.RP184.2015
- SMPTE.RP186.2008
- SMPTE.RP189.1996
- SMPTE.RP191.1996
- SMPTE.RP192.2003
- SMPTE.RP192.2015
- SMPTE.RP198.1998
- SMPTE.RP199.2004
- SMPTE.RP201.2008
- SMPTE.RP203.2000
- SMPTE.RP204.2000
- SMPTE.RP206.1999
- SMPTE.ST206.1998
- SMPTE.RP207.2005
- SMPTE.ST207.1997
- SMPTE.RP208.2002
- SMPTE.RP209.2000
- SMPTE.ST209.1996
- SMPTE.RP210.2007
- SMPTE.RP210.2012
- SMPTE.ST210.2004
- SMPTE.RP211.2000
- SMPTE.ST211.2001
- SMPTE.RP212.2002
- SMPTE.ST212.1995
- SMPTE.RP213.2001
- SMPTE.RP214.2002
- SMPTE.RP215.2001
- SMPTE.RP215.2009
- SMPTE.ST216.1998
- SMPTE.RP217.2001
- SMPTE.RP218.2009
- SMPTE.ST218.1996
- SMPTE.RP219-1.2014
- SMPTE.RP219-2.2016
- SMPTE.RP219.2002
- SMPTE.RP220.2004
- SMPTE.ST220.1996
- SMPTE.RP221.2008
- SMPTE.RP222.2003
- SMPTE.ST222.1994
- SMPTE.RP223.2003
- SMPTE.RP224.2011
- SMPTE.RP224.2012
- SMPTE.ST224.2003
- SMPTE.RP225.2005
- SMPTE.ST225.2003
- SMPTE.ST226.1996
- SMPTE.RP227.2010
- SMPTE.ST227.1996
- SMPTE.RP228.2008
- SMPTE.ST228.1996
- SMPTE.ST229.1996
- SMPTE.ST230.1996
- SMPTE.ST236.1998
- SMPTE.ST238.1998

### 🔁 Updated 45 existing document(s):
#### SMPTE.RDD44.2017 (updated fields: releaseTag, publicationDate, status)
  - releaseTag: `20171123-pub` → `20170404-pub`
  - publicationDate: `2017-11-23` → `2017-04-04`
  - status changed: 
supersededDate: `2022-06-01` → `2017-11-23`
supersededBy: `\["SMPTE.RDD44.2022"\]` → `\["SMPTE.RDD44.2017"\]`
#### SMPTE.RDD44.2017 (updated fields: releaseTag, publicationDate, status)
  - releaseTag: `20170404-pub` → `20171123-pub`
  - publicationDate: `2017-04-04` → `2017-11-23`
  - status changed: 
supersededDate: `2017-11-23` → `2022-06-01`
supersededBy: `\["SMPTE.RDD44.2017"\]` → `\["SMPTE.RDD44.2022"\]`
#### SMPTE.RP177.1993 (updated fields: docLabel, releaseTag, status)
  - docLabel: `SMPTE RP 177.1993` → `SMPTE RP 177:1993`
  - releaseTag: `undefined` → `19931101-pub`
  - status changed: 
latestVersion: `undefined` → `true`
superseded: `undefined` → `false`
stabilized: `undefined` → `true`
amended: `undefined` → `false`
#### SMPTE.ST177.1995 (updated fields: releaseTag, status, docTitle)
  - releaseTag: `undefined` → `19950912-pub`
  - status changed: 
latestVersion: `undefined` → `true`
superseded: `undefined` → `false`
amended: `undefined` → `false`
  - docTitle: `For Motion-Picture Film \(35-mm\) — Four-Track Magnetic Audio Release Prints — Magnetic Striping` → `Motion-Picture Film \(35-mm\) - Four-Track Magnetic Audio Release Prints - Magnetic Striping`
#### SMPTE.RP180.1999 (updated fields: releaseTag, status)
  - releaseTag: `undefined` → `19990423-pub`
  - status changed: 
latestVersion: `undefined` → `true`
superseded: `undefined` → `false`
amended: `undefined` → `false`
#### SMPTE.ST183.1996 (updated fields: releaseTag, status, docTitle)
  - releaseTag: `undefined` → `19960308-pub`
  - status changed: 
latestVersion: `undefined` → `true`
superseded: `undefined` → `false`
amended: `undefined` → `false`
  - docTitle: `For Motion-Picture Film — Photographic Audio Level Test Films – Measurement of Photoelectric Output Factor` → `Motion-Picture Film - Photographic Audio Level Test Films - Measurement of Photoelectric Output Factor`
#### SMPTE.ST184.1998 (updated fields: releaseTag, status, docTitle)
  - releaseTag: `undefined` → `19980727-pub`
  - status changed: 
latestVersion: `undefined` → `true`
superseded: `undefined` → `false`
amended: `undefined` → `false`
  - docTitle: `For Motion-Picture Film — Raw Stock Identification and Labeling` → `Motion-Picture Film - Raw Stock Identification and Labeling`
#### SMPTE.RP185.2004 (updated fields: releaseTag, status)
  - releaseTag: `undefined` → `20041108-pub`
  - status changed: 
latestVersion: `undefined` → `true`
superseded: `undefined` → `false`
amended: `undefined` → `false`
#### SMPTE.ST185.2003 (updated fields: releaseTag, status, docTitle)
  - releaseTag: `undefined` → `20031214-pub`
  - status changed: 
latestVersion: `undefined` → `false`
stabilized: `undefined` → `true`
amended: `undefined` → `false`
  - docTitle: `For Motion-Picture Film \(70-mm\) — Six Magnetic Records on Release Prints — Position, Dimensions, Reproducing Speed and Identity` → `Motion-Picture Film \(70-mm\) — Six Magnetic Records on Release Prints — Position, Dimensions, Reproducing Speed and Identity`
#### SMPTE.ST185.2011 (updated fields: releaseTag, status, docTitle)
  - releaseTag: `undefined` → `20111205-pub`
  - status changed: 
latestVersion: `undefined` → `true`
superseded: `undefined` → `false`
amended: `undefined` → `false`
  - docTitle: `For Motion-Picture Film \(70-mm\) — Six Magnetic Records on Release Prints — Position, Dimensions, Reproducing Speed and Identity` → `Motion-Picture Film \(70-mm\) — Six Magnetic Records on Release Prints — Position, Dimensions, Reproducing Speed and Identity`
#### SMPTE.RP187.1995 (updated fields: releaseTag, status)
  - releaseTag: `undefined` → `19951206-pub`
  - status changed: 
latestVersion: `undefined` → `true`
superseded: `undefined` → `false`
amended: `undefined` → `false`
#### SMPTE.RP190.1996 (updated fields: releaseTag, status)
  - releaseTag: `undefined` → `19960801-pub`
  - status changed: 
latestVersion: `undefined` → `true`
superseded: `undefined` → `false`
amended: `undefined` → `false`
#### SMPTE.ST192.1997 (updated fields: releaseTag, status, docTitle)
  - releaseTag: `undefined` → `19971204-pub`
  - status changed: 
latestVersion: `undefined` → `true`
superseded: `undefined` → `false`
amended: `undefined` → `false`
  - docTitle: `For Motion-Picture Equipment \(35-mm\)— Shipping Reels for Prints` → `Motion-Picture Equipment \(35-mm\) - Shipping Reels for Prints`
#### SMPTE.RP194.2004 (updated fields: releaseTag, status)
  - releaseTag: `undefined` → `20040406-pub`
  - status changed: 
latestVersion: `undefined` → `true`
superseded: `undefined` → `false`
amended: `undefined` → `false`
#### SMPTE.ST194.2002 (updated fields: releaseTag, publicationDate, status, docTitle)
  - releaseTag: `undefined` → `20020726-pub`
  - publicationDate: `2002-07-06` → `2002-07-26`
  - status changed: 
latestVersion: `undefined` → `true`
superseded: `undefined` → `false`
amended: `undefined` → `false`
  - docTitle: `Motion-Picture Film \(35-mm\) — Projector Usage — Release Prints Having Four Perforations per Frame` → `Motion-Picture Film \(35-mm\) - Projector Usage - Release Prints Having Four Perforations per Frame`
#### SMPTE.RP195.2004 (updated fields: releaseTag, status)
  - releaseTag: `undefined` → `20040406-pub`
  - status changed: 
latestVersion: `undefined` → `true`
superseded: `undefined` → `false`
amended: `undefined` → `false`
#### SMPTE.ST195.2000 (updated fields: releaseTag, status, docTitle)
  - releaseTag: `undefined` → `20000530-pub`
  - status changed: 
latestVersion: `undefined` → `true`
superseded: `undefined` → `false`
amended: `undefined` → `false`
  - docTitle: `Motion-Picture Film \(35-mm\) — Motion-Picture Prints — Projectable Image Area` → `Motion-Picture Film \(35-mm\) - Motion-Picture Prints - Projectable Image Area`
#### SMPTE.ST196.2003 (updated fields: docLabel, releaseTag, status, docTitle)
  - docLabel: `SMPTE ST 196\(m\):2003` → `SMPTE ST 196:2003`
  - releaseTag: `undefined` → `20031020-pub`
  - status changed: 
latestVersion: `undefined` → `true`
superseded: `undefined` → `false`
amended: `undefined` → `false`
  - docTitle: `For Motion-Picture Film — Indoor Theater and Review Room Projection — Screen Luminance and Viewing Conditions` → `Motion-Picture Film - Indoor Theater and Review Room Projection - Screen Luminance and Viewing Conditions`
#### SMPTE.RP197.2003 (updated fields: releaseTag, status, docTitle)
  - releaseTag: `undefined` → `20031020-pub`
  - status changed: 
latestVersion: `undefined` → `true`
superseded: `undefined` → `false`
amended: `undefined` → `false`
  - docTitle: `Film to Video Transfer List` → `Film-to-Video Transfer List`
#### SMPTE.ST197.2003 (updated fields: releaseTag, status, docTitle)
  - releaseTag: `undefined` → `20031112-pub`
  - status changed: 
latestVersion: `undefined` → `true`
superseded: `undefined` → `false`
amended: `undefined` → `false`
  - docTitle: `For Motion-Picture Film \(8-mm Type S\) — 50-Ft Model 1 Sound Camera Cartridge — Cartridge, Cartridge-Camera Interface and Take-Up Core` → `Motion-Picture Film \(8-mm Type S\) - 50-Ft Model 1 Sound Camera Cartridge - Cartridge, Cartridge-Camera Interface and Take-Up Core`
#### SMPTE.ST198.2003 (updated fields: releaseTag, status, docTitle)
  - releaseTag: `undefined` → `20031112-pub`
  - status changed: 
latestVersion: `undefined` → `true`
superseded: `undefined` → `false`
amended: `undefined` → `false`
  - docTitle: `For Motion-Picture Film \(8-mm Type S\) — 50-Ft Model 1 Sound Camera Cartridge — Aperture, Pressure Pad and Film Position` → `Motion-Picture Film \(8-mm Type S\) - 50-Ft Model 1 Sound Camera Cartridge - Aperture, Pressure Pad and Film Position`
#### SMPTE.RP200.2002 (updated fields: releaseTag, repo, status, docTitle)
  - releaseTag: `undefined` → `20021107-pub`
  - repo: `undefined` → `https://github.com/SMPTE/rp200/`
  - status changed: 
latestVersion: `undefined` → `false`
amended: `undefined` → `false`
supersededDate: `undefined` → `2012-04-18`
  - docTitle: `Relative and Absolute Sound Pressure Levels for Motion-Picture Multichannel Sound Systems — Applicable for Analog Photographic Film Audio, Digital Photographic Film Audio and D-Cinema` → `Relative and Absolute Sound Pressure Levels for Motion-Picture Multichannel Sound Systems – Applicable for Analog Photographic Film Audio, Digital Photographic Film Audio and D-Cinema`
#### SMPTE.RP200.2012 (updated fields: releaseTag, publicationDate, repo, status, docTitle)
  - releaseTag: `undefined` → `20120418-pub`
  - publicationDate: `2012-05-07` → `2012-04-18`
  - repo: `undefined` → `https://github.com/SMPTE/rp200/`
  - status changed: 
latestVersion: `undefined` → `true`
superseded: `undefined` → `false`
amended: `undefined` → `false`
  - docTitle: `Relative and Absolute Sound Pressure Levels for Motion-Picture Multichannel Sound Systems — Applicable for Analog Photographic Film Audio, Digital Photographic Film Audio and D-Cinema` → `Relative and Absolute Sound Pressure Levels for Motion-Picture Multichannel Sound Systems – Applicable for Analog Photographic Film Audio, Digital Photographic Film Audio and D-Cinema`
#### SMPTE.ST200.2003 (updated fields: releaseTag, status, docTitle)
  - releaseTag: `undefined` → `20031112-pub`
  - status changed: 
latestVersion: `undefined` → `true`
superseded: `undefined` → `false`
amended: `undefined` → `false`
  - docTitle: `For Motion-Picture Film \(8-mm Type S\) — Model 1 Sound Camera Cartridge — Camera Run Length, Perforation Cutout and End-of-Run Notch` → `Motion-Picture Equipment \(8-mm Type S\) - Model 1 Camera Cartridge - Camera Run Length, Perforation Cutout and End-of-Run Notch`
#### SMPTE.ST201.1996 (updated fields: releaseTag, status, docTitle)
  - releaseTag: `undefined` → `19960408-pub`
  - status changed: 
active: `false` → `true`
latestVersion: `undefined` → `true`
superseded: `undefined` → `false`
amended: `undefined` → `false`
  - docTitle: `For Motion-Picture Film \(16-mm\)— Type W Camera Aperture Image` → `Motion-Picture Film \(16-mm\) - Type W Camera Aperture Image`
#### SMPTE.RP202.2008 (updated fields: docLabel, releaseTag, status)
  - docLabel: `SMPTE RP 202:2010` → `SMPTE RP 202:2008`
  - releaseTag: `undefined` → `20080418-pub`
  - status changed: 
latestVersion: `undefined` → `true`
superseded: `undefined` → `false`
stabilized: `undefined` → `true`
amended: `undefined` → `false`
#### SMPTE.ST202.2010 (updated fields: releaseTag, repo, status, docTitle)
  - releaseTag: `undefined` → `20101020-pub`
  - repo: `undefined` → `https://github.com/SMPTE/st202/`
  - status changed: 
latestVersion: `undefined` → `true`
superseded: `undefined` → `false`
amended: `undefined` → `false`
  - docTitle: `Motion-Pictures — Dubbing Theaters, Review Rooms and Indoor Theaters — B-Chain Electroacoustic Response` → `Motion-Pictures - Dubbing Theaters, Review Rooms and Indoor Theaters - B-Chain Electroacoustic Response`
#### SMPTE.ST203.2003 (updated fields: releaseTag, status, docTitle)
  - releaseTag: `undefined` → `20031214-pub`
  - status changed: 
latestVersion: `undefined` → `false`
stabilized: `undefined` → `true`
amended: `undefined` → `false`
supersededDate: `undefined` → `2011-03-22`
  - docTitle: `For Motion-Picture Film \(35-mm\) — Prints — Two-Track Photographic Analog Audio Records` → `Motion-Picture Film \(35-mm\) — Prints — Two-Track Photographic Analog Audio Records`
#### SMPTE.ST203.2011 (updated fields: releaseTag, status, docTitle)
  - releaseTag: `undefined` → `20110322-pub`
  - status changed: 
latestVersion: `undefined` → `true`
superseded: `undefined` → `false`
amended: `undefined` → `false`
  - docTitle: `For Motion-Picture Film \(35-mm\) — Prints — Two-Track Photographic Analog Audio Records` → `Motion-Picture Film \(35-mm\) — Prints — Two-Track Photographic Analog Audio Records`
#### SMPTE.RP205.2009 (updated fields: releaseTag, status)
  - releaseTag: `undefined` → `20091109-pub`
  - status changed: 
latestVersion: `undefined` → `false`
amended: `undefined` → `false`
supersededDate: `undefined` → `2014-08-15`
#### SMPTE.RP205.2014 (updated fields: releaseTag, publicationDate, status)
  - releaseTag: `undefined` → `20140815-pub`
  - publicationDate: `2014-12-29` → `2014-08-15`
  - status changed: 
latestVersion: `undefined` → `true`
superseded: `undefined` → `false`
amended: `undefined` → `false`
#### SMPTE.ST205.1993 (updated fields: releaseTag, status, docTitle)
  - releaseTag: `undefined` → `19931112-pub`
  - status changed: 
latestVersion: `undefined` → `true`
superseded: `undefined` → `false`
amended: `undefined` → `false`
  - docTitle: `For Motion-Picture Equipment \(8-mm Type S\) — Model 1 Camera Cartridge — Interface and Take-Up Core Drive \(200-Ft Capacity\)` → `Motion-Picture Equipment \(8-mm Type S\) - Model 1 Camera Cartridge - Interface and Take-Up Core Drive \(200-Ft Capacity\)`
#### SMPTE.ST208.1992 (updated fields: releaseTag, status, docTitle)
  - releaseTag: `undefined` → `19921112-pub`
  - status changed: 
latestVersion: `undefined` → `true`
superseded: `undefined` → `false`
amended: `undefined` → `false`
  - docTitle: `For Motion-Picture Film — 35- and 16-mm Magnetic Audio Records — Recorded Characteristics` → `Motion-Picture Film - 35- and 16-mm Magnetic Audio Records - Recorded Characteristics`
#### SMPTE.ST214.2007 (updated fields: releaseTag, status, docTitle)
  - releaseTag: `undefined` → `20071214-pub`
  - status changed: 
latestVersion: `undefined` → `true`
superseded: `undefined` → `false`
stabilized: `undefined` → `true`
amended: `undefined` → `false`
  - docTitle: `For Motion-Picture Film \(35-mm\) — Analog Photographic Audio Reproduction Characteristics` → `Motion-Picture Film \(35-mm\) - Analog Photographic Audio Reproduction Characteristics`
#### SMPTE.ST215.1995 (updated fields: releaseTag, status, docTitle)
  - releaseTag: `undefined` → `19951201-pub`
  - status changed: 
latestVersion: `undefined` → `true`
superseded: `undefined` → `false`
amended: `undefined` → `false`
  - docTitle: `For Motion-Picture Film \(65-mm\) — Camera Aperture Image` → `Motion-Picture Film \(65-mm\) - Camera Aperture Image`
#### SMPTE.RP216.2002 (updated fields: releaseTag, status)
  - releaseTag: `undefined` → `20020814-pub`
  - status changed: 
latestVersion: `undefined` → `true`
superseded: `undefined` → `false`
amended: `undefined` → `false`
#### SMPTE.ST217.1998 (updated fields: releaseTag, status, docTitle)
  - releaseTag: `undefined` → `19980924-pub`
  - status changed: 
latestVersion: `undefined` → `false`
stabilized: `undefined` → `true`
amended: `undefined` → `false`
supersededDate: `2015-03-19` → `2015-02-24`
  - docTitle: `For Motion-Picture Film \(70-mm\) — Striped Release Prints — Recorded Characteristic of Magnetic Audio Records` → `Motion-Picture Film \(70-mm\) — Striped Release Prints — Recorded Characteristics of Magnetic Audio Records`
#### SMPTE.ST217.2015 (updated fields: releaseTag, publicationDate, href, doi, status, docTitle)
  - releaseTag: `undefined` → `20150224-pub`
  - publicationDate: `2015-03-19` → `2015-02-24`
  - href: `https://doi.org/10.5594/SMPTE.SMPTEST217.2015` → `https://doi.org/10.5594/SMPTE.ST217.2015`
  - doi: `10.5594/SMPTE.SMPTEST217.2015` → `10.5594/SMPTE.ST217.2015`
  - status changed: 
latestVersion: `undefined` → `true`
superseded: `undefined` → `false`
stabilized: `undefined` → `true`
amended: `undefined` → `false`
  - docTitle: `For Motion-Picture Film \(70-mm\) — Striped Release Prints — Recorded Characteristic of Magnetic Audio Records` → `Motion-Picture Film \(70-mm\) — Striped Release Prints — Recorded Characteristics of Magnetic Audio Records`
#### SMPTE.ST221.2003 (updated fields: releaseTag, status, docTitle)
  - releaseTag: `undefined` → `20031214-pub`
  - status changed: 
latestVersion: `undefined` → `true`
superseded: `undefined` → `false`
amended: `undefined` → `false`
  - docTitle: `Audio Motion-Picture Film \(70-mm\) — Six-Track Audio Release Prints — Magnetic Striping Dimensions` → `Audio Motion-Picture Film \(70-mm\) - Six-Track Audio Release Prints - Magnetic Striping Dimensions`
#### SMPTE.ST223.2001 (updated fields: releaseTag, status, docTitle)
  - releaseTag: `undefined` → `20010606-pub`
  - status changed: 
latestVersion: `undefined` → `true`
superseded: `undefined` → `false`
amended: `undefined` → `false`
  - docTitle: `For Motion-Picture Film — Safety Film` → `Motion-Picture Film - Safety Film`
#### SMPTE.ST231.2004 (updated fields: releaseTag, status, docTitle)
  - releaseTag: `undefined` → `20041108-pub`
  - status changed: 
latestVersion: `undefined` → `true`
superseded: `undefined` → `false`
amended: `undefined` → `false`
  - docTitle: `For Motion-Picture Film \(8-mm Type R\) — Camera Aperture Image and Usage` → `Motion-Picture Film \(8-mm Type R\) - Camera Aperture Image and Usage`
#### SMPTE.ST233.2003 (updated fields: releaseTag, publicationDate, status, docTitle)
  - releaseTag: `undefined` → `20031020-pub`
  - publicationDate: `2003-01-20` → `2003-10-20`
  - status changed: 
latestVersion: `undefined` → `true`
superseded: `undefined` → `false`
amended: `undefined` → `false`
  - docTitle: `Motion-Picture Film \(16-mm, does not include Super 16\) — Projectable Image Area and Projector Usage` → `Motion-Picture Film \(16-mm, does not include Super 16\) - Projectable Image Area and Projector Usage`
#### SMPTE.ST234.1998 (updated fields: releaseTag, publicationDate, status, docTitle)
  - releaseTag: `undefined` → `19980818-pub`
  - publicationDate: `1993-03-22` → `1998-08-18`
  - status changed: 
latestVersion: `undefined` → `true`
superseded: `undefined` → `false`
amended: `undefined` → `false`
  - docTitle: `For Motion-Picture Film \(8-mm Type R\)— Projectable Image Area and Projector Usage` → `Motion-Picture Film \(8-mm Type R\) - Projectable Image Area and Projector Usage`
#### SMPTE.ST235.1998 (updated fields: releaseTag, status, docTitle)
  - releaseTag: `undefined` → `19980303-pub`
  - status changed: 
latestVersion: `undefined` → `true`
superseded: `undefined` → `false`
amended: `undefined` → `false`
  - docTitle: `Motion-Picture Equipment \(16-mm\) — Projection Reels — 200- to 2300-Ft Capacity` → `Motion-Picture Equipment \(16-mm\) - Projection Reels - 200- to 2300-Ft Capacity`
#### SMPTE.ST237.2003 (updated fields: releaseTag, status, docTitle)
  - releaseTag: `undefined` → `20031112-pub`
  - status changed: 
latestVersion: `undefined` → `true`
superseded: `undefined` → `false`
amended: `undefined` → `false`
  - docTitle: `For Motion-Picture Film \(35-mm\) — Perforated DH-1870` → `Motion-Picture Film \(35-mm\) - Perforated DH-1870`

### ⚠️ Skipped 428 duplicate(s)
- SMPTE.EG1.1990
- SMPTE.RDD1.2003
- SMPTE.ST1.1996
- SMPTE.EG2.1999
- SMPTE.RDD2.2007
- SMPTE.EG3.1994
- SMPTE.RDD3.2008
- SMPTE.ST3.1998
- SMPTE.RDD4.2005
- SMPTE.ST4.1995
- SMPTE.EG5.2003
- SMPTE.RDD5.2006
- SMPTE.ST5.1995
- SMPTE.RDD6.2008
- SMPTE.RP6.1994
- SMPTE.ST6.1998
- SMPTE.EG7.1994
- SMPTE.ST7.2004
- SMPTE.EG8.1993
- SMPTE.RDD8.2008
- SMPTE.ST8.1995
- SMPTE.EG9.2005
- SMPTE.RDD9.2006
- SMPTE.RDD9.2009
- SMPTE.RDD9.2013
- SMPTE.RP9.1995
- SMPTE.EG10.2003
- SMPTE.RDD10.2006
- SMPTE.RDD11.2007
- SMPTE.RP11.1994
- SMPTE.ST11.1995
- SMPTE.ST12-1.2008
- SMPTE.ST12-1.2008Am1.2013
- SMPTE.ST12-1.2014
- SMPTE.ST12-2.2008
- SMPTE.ST12-2.2008Am1.2013
- SMPTE.ST12-2.2014
- SMPTE.ST12-3.2016
- SMPTE.EG12.1994
- SMPTE.RP12.1997
- SMPTE.EG13.1986
- SMPTE.EG13.2012
- SMPTE.EG14.2005
- SMPTE.RDD14.2010
- SMPTE.RP14.1997
- SMPTE.EG15.2005
- SMPTE.RDD15.2007
- SMPTE.RP15.1997
- SMPTE.ST15.1998
- SMPTE.EG16.2002
- SMPTE.EG16.2014
- SMPTE.RDD16.2008
- SMPTE.RP16.1993
- SMPTE.ST16.1998
- SMPTE.EG17.2002
- SMPTE.RDD17.2009
- SMPTE.RP17.1964
- SMPTE.ST17.1998
- SMPTE.EG18.1994
- SMPTE.RDD18.2010
- SMPTE.RDD18.2012
- SMPTE.RDD18.2021
- SMPTE.RP18.1995
- SMPTE.ST18.2003
- SMPTE.RDD19.2011
- SMPTE.RP19.2003
- SMPTE.ST19.2003
- SMPTE.EG20.1997
- SMPTE.RDD20.2010
- SMPTE.RP20.2003
- SMPTE.ST20.2003
- SMPTE.EG21.1997
- SMPTE.RP21.2004
- SMPTE.RP21.2015
- SMPTE.ST21.1997
- SMPTE.EG22.1997
- SMPTE.RDD22.2012
- SMPTE.ST22.1997
- SMPTE.EG23.2005
- SMPTE.EG24.1995
- SMPTE.RDD24.2013
- SMPTE.RP24.1997
- SMPTE.ST24.1996
- SMPTE.EG25.2003
- SMPTE.RDD25.2014
- SMPTE.RP25.1995
- SMPTE.RP25.2011
- SMPTE.ST25.1995
- SMPTE.EG26.1995
- SMPTE.RDD26.2014
- SMPTE.RDD26.2015
- SMPTE.ST26.1995
- SMPTE.RP27-1.1989
- SMPTE.RP27-2.1989
- SMPTE.RP27-3.1989
- SMPTE.RP27-4.1994
- SMPTE.RP27-5.1989
- SMPTE.EG27.2004
- SMPTE.EG28.1993
- SMPTE.RDD28.2014
- SMPTE.EG29.1993
- SMPTE.RDD29.2014
- SMPTE.RDD29.2018
- SMPTE.ST29.1995
- SMPTE.EG30.1995
- SMPTE.RDD30.2014
- SMPTE.ST30.1995
- SMPTE.EG31.1995
- SMPTE.RDD31.2014
- SMPTE.ST31.2003
- SMPTE.EG32.1996
- SMPTE.RDD32.2014
- SMPTE.RDD32.2017
- SMPTE.RP32.1995
- SMPTE.ST32.1998
- SMPTE.EG33.2004
- SMPTE.RDD33.2015
- SMPTE.EG34.2004
- SMPTE.RDD34.2015
- SMPTE.RP34.1997
- SMPTE.EG35.1999
- SMPTE.EG35.2012
- SMPTE.RDD35.2016
- SMPTE.ST35.1997
- SMPTE.EG36.2000
- SMPTE.RDD36.2015
- SMPTE.RDD36.2022
- SMPTE.RP36.1999
- SMPTE.EG37.2001
- SMPTE.RDD37.2016
- SMPTE.ST37.1994
- SMPTE.EG38.2001
- SMPTE.RDD38.2016
- SMPTE.RP38.1989
- SMPTE.EG39.2003
- SMPTE.RDD39.2016
- SMPTE.RP39.1993
- SMPTE.EG40.2002
- SMPTE.EG40.2012
- SMPTE.EG40.2016
- SMPTE.RDD40.2016
- SMPTE.RP40.2003
- SMPTE.ST40.2002
- SMPTE.EG41.2004
- SMPTE.RDD41.2016
- SMPTE.ST41.2004
- SMPTE.EG42.2004
- SMPTE.EG42.2015
- SMPTE.RDD42.2016
- SMPTE.EG43.2009
- SMPTE.RDD43.2016
- SMPTE.EG44.2005
- SMPTE.RDD44.2022
- SMPTE.RDD45.2017
- SMPTE.RDD45.2022
- SMPTE.RP45.1972
- SMPTE.RDD46.2019
- SMPTE.RDD47.2018
- SMPTE.RP47.1999
- SMPTE.RDD48.2018
- SMPTE.RDD48.2018Am1.2022
- SMPTE.RP48.1999
- SMPTE.ST48.1995
- SMPTE.RDD49.2019
- SMPTE.RP49.1995
- SMPTE.RDD50.2019
- SMPTE.RP50.1995
- SMPTE.RDD51.2020
- SMPTE.RP51.1995
- SMPTE.RDD52.2020
- SMPTE.RP53.1993
- SMPTE.RDD54.2022
- SMPTE.RP54.1999
- SMPTE.RDD55.2022
- SMPTE.RP55.1997
- SMPTE.ST55.2000
- SMPTE.ST55.2010
- SMPTE.RDD56.2021
- SMPTE.RP56.2002
- SMPTE.ST56.2005
- SMPTE.RDD57.2021
- SMPTE.RDD58.2021
- SMPTE.RP58.1995
- SMPTE.RDD59-1.2022
- SMPTE.RP59.1999
- SMPTE.ST59.1998
- SMPTE.RDD60.2025-05
- SMPTE.RDD61.2025-05
- SMPTE.RP63.2002
- SMPTE.RP64.1999
- SMPTE.RP65.2000
- SMPTE.RP67.2002
- SMPTE.RP68.2002
- SMPTE.RP69.2002
- SMPTE.RP70.2002
- SMPTE.RP73.1992
- SMPTE.ST73.2003
- SMPTE.RP74.1992
- SMPTE.ST74.1993
- SMPTE.RP75.2002
- SMPTE.ST75.1994
- SMPTE.RP76.2002
- SMPTE.ST76.1996
- SMPTE.RP77.2004
- SMPTE.RP78.2002
- SMPTE.RP79.1999
- SMPTE.RP81.2004
- SMPTE.RP82.2005
- SMPTE.RP83.1996
- SMPTE.ST83.1996
- SMPTE.RP84.1996
- SMPTE.RP85.1999
- SMPTE.RP86.1990
- SMPTE.ST86.2005
- SMPTE.RP87.1999
- SMPTE.ST87.1996
- SMPTE.RP90.2004
- SMPTE.RP91.2002
- SMPTE.RP91.2014
- SMPTE.RP92.1995
- SMPTE.RP93.1999
- SMPTE.ST93.2005
- SMPTE.RP94.2000
- SMPTE.RP95.2003
- SMPTE.RP96.1993
- SMPTE.ST96.2004
- SMPTE.RP97.2002
- SMPTE.ST97.2004
- SMPTE.RP98.1995
- SMPTE.ST101.2003
- SMPTE.ST102.2002
- SMPTE.RP103.1994
- SMPTE.RP104.2005
- SMPTE.RP105.2003
- SMPTE.RP106.1994
- SMPTE.RP107.1993
- SMPTE.RP109.1994
- SMPTE.ST109.2003
- SMPTE.RP110.1992
- SMPTE.RP111.1999
- SMPTE.ST111.2001
- SMPTE.ST112.2004
- SMPTE.RP113.1996
- SMPTE.RP114.1994
- SMPTE.RP115.1997
- SMPTE.RP116.2000
- SMPTE.ST117.2001
- SMPTE.ST119.2004
- SMPTE.ST119.2011
- SMPTE.RP120.2005
- SMPTE.RP121.1997
- SMPTE.RP122.1993
- SMPTE.RP123.2004
- SMPTE.RP124.1998
- SMPTE.ST125.1995
- SMPTE.ST125.2013
- SMPTE.RP127.2004
- SMPTE.ST127.2003
- SMPTE.RP128.2002
- SMPTE.RP129.1995
- SMPTE.RP130.2004
- SMPTE.RP131.2002
- SMPTE.RP132.1994
- SMPTE.RP133.1991
- SMPTE.RP134.1994
- SMPTE.RP135.2004
- SMPTE.RP136.2004
- SMPTE.ST137.2000
- SMPTE.RP138.1996
- SMPTE.RP139.1997
- SMPTE.ST139.2003
- SMPTE.RP140.2005
- SMPTE.RP141.2005
- SMPTE.RP141.2020
- SMPTE.RP142.2004
- SMPTE.RP143.2004
- SMPTE.ST143.1994
- SMPTE.RP144.1999
- SMPTE.RP145.2004
- SMPTE.ST145.2004
- SMPTE.ST146.2001
- SMPTE.RP148.1987
- SMPTE.ST148.2002
- SMPTE.RP149.1992
- SMPTE.ST149.2004
- SMPTE.RP150.2000
- SMPTE.RP151.1999
- SMPTE.ST151.2004
- SMPTE.RP152.1994
- SMPTE.ST152.2003
- SMPTE.RP153.1999
- SMPTE.ST153.2001
- SMPTE.ST154.2003
- SMPTE.RP155.2004
- SMPTE.RP155.2014
- SMPTE.RP156.1999
- SMPTE.RP157.1995
- SMPTE.RP157.2012
- SMPTE.ST157.1999
- SMPTE.RP158.1999
- SMPTE.ST159-1.2001
- SMPTE.ST159-2.2001
- SMPTE.RP160.1997
- SMPTE.ST160.1995
- SMPTE.RP161.1999
- SMPTE.ST161.1998
- SMPTE.RP162.1993
- SMPTE.ST162.1998
- SMPTE.RP163.1992
- SMPTE.ST163.1998
- SMPTE.ST164.2002
- SMPTE.RP165.1994
- SMPTE.ST165.1994
- SMPTE.RP166.1995
- SMPTE.ST166.2004
- SMPTE.RP167.1995
- SMPTE.RP168.2009
- SMPTE.ST168.2001
- SMPTE.RP169.1995
- SMPTE.ST169.2002
- SMPTE.RP170.1993
- SMPTE.ST170.2004
- SMPTE.RP171.1993
- SMPTE.ST171.2001
- SMPTE.RP172.1993
- SMPTE.RP173.2002
- SMPTE.ST173.2004
- SMPTE.RP174.1993
- SMPTE.ST174.1994
- SMPTE.ST199.2003
- SMPTE.ST272.2004
- SMPTE.ST276.1995
- SMPTE.OV297-0.2017
- SMPTE.ST297-1.2015
- SMPTE.ST297-2.2017
- SMPTE.OV299-0.2010
- SMPTE.ST299-1.2009
- SMPTE.ST299-2.2010
- SMPTE.ST302.2007
- SMPTE.ST314.2005
- SMPTE.ST323.2004
- SMPTE.ST340.2008
- SMPTE.ST340.2015
- SMPTE.ST341.2000
- SMPTE.ST342.2004
- SMPTE.ST377-1.2009
- SMPTE.ST377-1.2011
- SMPTE.ST377-1.2011Am1.2012
- SMPTE.ST377-1.2011Am2.2012
- SMPTE.ST377-1.2019
- SMPTE.ST427.2009
- SMPTE.RP428-22.2025-06
- SMPTE.ST428-24.2024-11
- SMPTE.ST428-3.2006
- SMPTE.ST429-10.2008
- SMPTE.ST429-10.2023-09
- SMPTE.ST429-18.2019
- SMPTE.ST429-18.2023-09
- SMPTE.ST429-19.2019
- SMPTE.ST429-19.2023-09
- SMPTE.ST429-2.2009
- SMPTE.ST429-2.2011
- SMPTE.ST429-2.2011Am1.2013
- SMPTE.ST429-2.2013
- SMPTE.ST429-2.2013Am1.2018
- SMPTE.ST429-2.2019
- SMPTE.ST429-2.2020
- SMPTE.ST429-2.2023-09
- SMPTE.ST429-3.2007
- SMPTE.ST429-3.2023-09
- SMPTE.ST429-4.2006
- SMPTE.ST429-4.2020
- SMPTE.ST429-4.2023-05
- SMPTE.ST429-6.2006
- SMPTE.ST429-6.2006Am1.2017
- SMPTE.ST429-6.2023-05
- SMPTE.ST429-9.2007
- SMPTE.ST429-9.2007Am1.2010
- SMPTE.ST429-9.2014
- SMPTE.ST430-1.2006
- SMPTE.ST430-1.2006Am1.2009
- SMPTE.ST430-1.2017
- SMPTE.ST430-1.2017Am1.2019
- SMPTE.ST430-1.2023-09
- SMPTE.RP431-2.2011
- SMPTE.ST431-1.2006
- SMPTE.EG432-1.2010
- SMPTE.EG432-2.2006
- SMPTE.ST2035.2009
- SMPTE.ST2035.2009Am1.2012
- SMPTE.ST2035.2020
- SMPTE.RP2058-2.2011
- SMPTE.RP2058-3.2011
- SMPTE.RP2058-4.2011
- SMPTE.ST2058-1.2011
- SMPTE.ST2067-20.2013
- SMPTE.ST2067-20.2016
- SMPTE.ST2101.2015
- SMPTE.ST2106.2016
- SMPTE.ST2116.2019
- SMPTE.ST2126.2025-08
- SMPTE.AG01
- SMPTE.AG02
- SMPTE.AG03
- SMPTE.AG04
- SMPTE.AG05
- SMPTE.AG06
- SMPTE.AG07
- SMPTE.AG08
- SMPTE.AG10
- SMPTE.AG10B
- SMPTE.AG12
- SMPTE.AG14
- SMPTE.AG15
- SMPTE.AG16
- SMPTE.AG18
- SMPTE.AG19
- SMPTE.AG20
- SMPTE.AG21
- SMPTE.AG22
- SMPTE.AG24
- SMPTE.AG25
- SMPTE.AG26
- SMPTE.AG28
- SMPTE.AG29
- SMPTE.AG30
- SMPTE.AG31
- SMPTE.OM.Std

### 🧠 MRI skipped write (beforeExit) — only generatedAt would have changed
