### 🆕 Added 4 new document(s):
- SMPTE.OV297-0.2017
- SMPTE.ST297-1.2015
- SMPTE.ST297-2.2017
- SMPTE.ST342.2004

### 🔁 Updated 1 existing document(s):
#### SMPTE.ST199.2003 (updated fields: releaseTag, status, docTitle, resolvedHref)
  - releaseTag: `undefined` → `20031112-pub`
  - status changed: 
active: `false` → `true`
latestVersion: `undefined` → `true`
superseded: `undefined` → `false`
stabilized: `undefined` → `true`
amended: `undefined` → `false`
  - docTitle: `For Motion-Picture Film \(8-mm Type S\) — 50-Ft Model 1 Sound Camera Cartridge — Pressure Pad Flatness and Camera Aperture Profile` → `Motion-Picture Film \(8-mm Type S\) - 50-Ft Model 1 Sound Camera Cartridge - Pressure Pad Flatness and Camera Aperture Profile`
  - resolvedHref: `undefined` → `https://my.smpte.org/s/product-details?id=a1BVR0000008kaB`

### ⚠️ Skipped 36 duplicate(s)
- SMPTE.RP428-22.2025-06
- SMPTE.ST429-2.2009
- SMPTE.ST429-2.2011
- SMPTE.ST429-2.2011Am1.2013
- SMPTE.ST429-2.2013
- SMPTE.ST429-2.2013Am1.2018
- SMPTE.ST429-2.2019
- SMPTE.ST429-2.2020
- SMPTE.ST429-2.2023-09
- SMPTE.AG01
- SMPTE.AG02
- SMPTE.AG03
- SMPTE.AG04
- SMPTE.AG05
- SMPTE.AG06
- SMPTE.AG07
- SMPTE.AG08
- SMPTE.AG10
- SMPTE.AG10B
- SMPTE.AG12
- SMPTE.AG14
- SMPTE.AG15
- SMPTE.AG16
- SMPTE.AG18
- SMPTE.AG19
- SMPTE.AG20
- SMPTE.AG21
- SMPTE.AG22
- SMPTE.AG24
- SMPTE.AG25
- SMPTE.AG26
- SMPTE.AG28
- SMPTE.AG29
- SMPTE.AG30
- SMPTE.AG31
- SMPTE.OM.Std
