### 🆕 Added 1 new document(s):
- SMPTE.ST429-5.2023-09

### 🔁 Updated 3 existing document(s):
#### SMPTE.ST429-5.2009 (updated fields: releaseTag, repo, status)
  - releaseTag: `undefined` → `20090309-pub`
  - repo: `undefined` → `https://github.com/SMPTE/st429-5/`
  - status changed: 
latestVersion: `undefined` → `false`
amended: `undefined` → `false`
#### SMPTE.ST429-5.2017 (updated fields: releaseTag, status)
  - releaseTag: `undefined` → `20171227-pub`
  - status changed: 
active: `true` → `false`
latestVersion: `undefined` → `false`
superseded: `undefined` → `true`
amended: `undefined` → `false`
supersededDate: `undefined` → `2023-09-12`
supersededBy: `\[\]` → `\["SMPTE.ST429-5.2023-09"\]`
#### SMPTE.OM.Std (updated fields: publicationDate, releaseTag)
  - publicationDate: `2025-06-26` → `2025-10-12`
  - releaseTag: `20250626-pub` → `20251012-pub`

### ⚠️ Skipped 670 duplicate(s)
- SMPTE.EG1.1990
- SMPTE.RDD1.2003
- SMPTE.ST1.1996
- SMPTE.EG2.1999
- SMPTE.RDD2.2007
- SMPTE.EG3.1994
- SMPTE.RDD3.2008
- SMPTE.ST3.1998
- SMPTE.RDD4.2005
- SMPTE.ST4.1995
- SMPTE.EG5.2003
- SMPTE.RDD5.2006
- SMPTE.ST5.1995
- SMPTE.RDD6.2008
- SMPTE.RP6.1994
- SMPTE.ST6.1998
- SMPTE.EG7.1994
- SMPTE.ST7.2004
- SMPTE.EG8.1993
- SMPTE.RDD8.2008
- SMPTE.ST8.1995
- SMPTE.EG9.2005
- SMPTE.RDD9.2006
- SMPTE.RDD9.2009
- SMPTE.RDD9.2013
- SMPTE.RP9.1995
- SMPTE.EG10.2003
- SMPTE.RDD10.2006
- SMPTE.RDD11.2007
- SMPTE.RP11.1994
- SMPTE.ST11.1995
- SMPTE.ST12-1.2008
- SMPTE.ST12-1.2008Am1.2013
- SMPTE.ST12-1.2014
- SMPTE.ST12-2.2008
- SMPTE.ST12-2.2008Am1.2013
- SMPTE.ST12-2.2014
- SMPTE.ST12-3.2016
- SMPTE.EG12.1994
- SMPTE.RP12.1997
- SMPTE.EG13.1986
- SMPTE.EG13.2012
- SMPTE.EG14.2005
- SMPTE.RDD14.2010
- SMPTE.RP14.1997
- SMPTE.EG15.2005
- SMPTE.RDD15.2007
- SMPTE.RP15.1997
- SMPTE.ST15.1998
- SMPTE.EG16.2002
- SMPTE.EG16.2014
- SMPTE.RDD16.2008
- SMPTE.RP16.1993
- SMPTE.ST16.1998
- SMPTE.EG17.2002
- SMPTE.RDD17.2009
- SMPTE.RP17.1964
- SMPTE.ST17.1998
- SMPTE.EG18.1994
- SMPTE.RDD18.2010
- SMPTE.RDD18.2012
- SMPTE.RDD18.2021
- SMPTE.RP18.1995
- SMPTE.ST18.2003
- SMPTE.RDD19.2011
- SMPTE.RP19.2003
- SMPTE.ST19.2003
- SMPTE.EG20.1997
- SMPTE.RDD20.2010
- SMPTE.RP20.2003
- SMPTE.ST20.2003
- SMPTE.EG21.1997
- SMPTE.RP21.2004
- SMPTE.RP21.2015
- SMPTE.ST21.1997
- SMPTE.EG22.1997
- SMPTE.RDD22.2012
- SMPTE.ST22.1997
- SMPTE.EG23.2005
- SMPTE.EG24.1995
- SMPTE.RDD24.2013
- SMPTE.RP24.1997
- SMPTE.ST24.1996
- SMPTE.EG25.2003
- SMPTE.RDD25.2014
- SMPTE.RP25.1995
- SMPTE.RP25.2011
- SMPTE.ST25.1995
- SMPTE.EG26.1995
- SMPTE.RDD26.2014
- SMPTE.RDD26.2015
- SMPTE.ST26.1995
- SMPTE.RP27-1.1989
- SMPTE.RP27-2.1989
- SMPTE.RP27-3.1989
- SMPTE.RP27-4.1994
- SMPTE.RP27-5.1989
- SMPTE.EG27.2004
- SMPTE.EG28.1993
- SMPTE.RDD28.2014
- SMPTE.EG29.1993
- SMPTE.RDD29.2014
- SMPTE.RDD29.2018
- SMPTE.ST29.1995
- SMPTE.EG30.1995
- SMPTE.RDD30.2014
- SMPTE.ST30.1995
- SMPTE.EG31.1995
- SMPTE.RDD31.2014
- SMPTE.ST31.2003
- SMPTE.EG32.1996
- SMPTE.RDD32.2014
- SMPTE.RDD32.2017
- SMPTE.RP32.1995
- SMPTE.ST32.1998
- SMPTE.EG33.2004
- SMPTE.RDD33.2015
- SMPTE.EG34.2004
- SMPTE.RDD34.2015
- SMPTE.RP34.1997
- SMPTE.EG35.1999
- SMPTE.EG35.2012
- SMPTE.RDD35.2016
- SMPTE.ST35.1997
- SMPTE.EG36.2000
- SMPTE.RDD36.2015
- SMPTE.RDD36.2022
- SMPTE.RP36.1999
- SMPTE.EG37.2001
- SMPTE.RDD37.2016
- SMPTE.ST37.1994
- SMPTE.EG38.2001
- SMPTE.RDD38.2016
- SMPTE.RP38.1989
- SMPTE.EG39.2003
- SMPTE.RDD39.2016
- SMPTE.RP39.1993
- SMPTE.EG40.2002
- SMPTE.EG40.2012
- SMPTE.EG40.2016
- SMPTE.RDD40.2016
- SMPTE.RP40.2003
- SMPTE.ST40.2002
- SMPTE.EG41.2004
- SMPTE.RDD41.2016
- SMPTE.ST41.2004
- SMPTE.EG42.2004
- SMPTE.EG42.2015
- SMPTE.RDD42.2016
- SMPTE.EG43.2009
- SMPTE.RDD43.2016
- SMPTE.EG44.2005
- SMPTE.RDD45.2017
- SMPTE.RDD45.2022
- SMPTE.RP45.1972
- SMPTE.RDD46.2019
- SMPTE.RDD47.2018
- SMPTE.RP47.1999
- SMPTE.RDD48.2018
- SMPTE.RDD48.2018Am1.2022
- SMPTE.RP48.1999
- SMPTE.ST48.1995
- SMPTE.RDD49.2019
- SMPTE.RP49.1995
- SMPTE.RDD50.2019
- SMPTE.RP50.1995
- SMPTE.RDD51.2020
- SMPTE.RP51.1995
- SMPTE.RDD52.2020
- SMPTE.RP53.1993
- SMPTE.RDD54.2022
- SMPTE.RP54.1999
- SMPTE.RDD55.2022
- SMPTE.RP55.1997
- SMPTE.ST55.2000
- SMPTE.ST55.2010
- SMPTE.RDD56.2021
- SMPTE.RP56.2002
- SMPTE.ST56.2005
- SMPTE.RDD57.2021
- SMPTE.RDD58.2021
- SMPTE.RP58.1995
- SMPTE.RDD59-1.2022
- SMPTE.RP59.1999
- SMPTE.ST59.1998
- SMPTE.RDD60.2025-05
- SMPTE.RDD61.2025-05
- SMPTE.RP63.2002
- SMPTE.RP64.1999
- SMPTE.RP65.2000
- SMPTE.RP67.2002
- SMPTE.RP68.2002
- SMPTE.RP69.2002
- SMPTE.RP70.2002
- SMPTE.RP73.1992
- SMPTE.ST73.2003
- SMPTE.RP74.1992
- SMPTE.ST74.1993
- SMPTE.RP75.2002
- SMPTE.ST75.1994
- SMPTE.RP76.2002
- SMPTE.ST76.1996
- SMPTE.RP77.2004
- SMPTE.RP78.2002
- SMPTE.RP79.1999
- SMPTE.RP81.2004
- SMPTE.RP82.2005
- SMPTE.RP83.1996
- SMPTE.ST83.1996
- SMPTE.RP84.1996
- SMPTE.RP85.1999
- SMPTE.RP86.1990
- SMPTE.ST86.2005
- SMPTE.RP87.1999
- SMPTE.ST87.1996
- SMPTE.RP90.2004
- SMPTE.RP91.2002
- SMPTE.RP91.2014
- SMPTE.RP92.1995
- SMPTE.RP93.1999
- SMPTE.ST93.2005
- SMPTE.RP94.2000
- SMPTE.RP95.2003
- SMPTE.RP96.1993
- SMPTE.ST96.2004
- SMPTE.RP97.2002
- SMPTE.ST97.2004
- SMPTE.RP98.1995
- SMPTE.ST101.2003
- SMPTE.ST102.2002
- SMPTE.RP103.1994
- SMPTE.RP104.2005
- SMPTE.RP105.2003
- SMPTE.RP106.1994
- SMPTE.RP107.1993
- SMPTE.RP109.1994
- SMPTE.ST109.2003
- SMPTE.RP110.1992
- SMPTE.RP111.1999
- SMPTE.ST111.2001
- SMPTE.ST112.2004
- SMPTE.RP113.1996
- SMPTE.RP114.1994
- SMPTE.RP115.1997
- SMPTE.RP116.2000
- SMPTE.ST117.2001
- SMPTE.ST119.2004
- SMPTE.ST119.2011
- SMPTE.RP120.2005
- SMPTE.RP121.1997
- SMPTE.RP122.1993
- SMPTE.RP123.2004
- SMPTE.RP124.1998
- SMPTE.ST125.1995
- SMPTE.ST125.2013
- SMPTE.RP127.2004
- SMPTE.ST127.2003
- SMPTE.RP128.2002
- SMPTE.RP129.1995
- SMPTE.RP130.2004
- SMPTE.RP131.2002
- SMPTE.RP132.1994
- SMPTE.RP133.1991
- SMPTE.RP134.1994
- SMPTE.RP135.2004
- SMPTE.RP136.2004
- SMPTE.ST137.2000
- SMPTE.RP138.1996
- SMPTE.RP139.1997
- SMPTE.ST139.2003
- SMPTE.RP140.2005
- SMPTE.RP141.2005
- SMPTE.RP141.2020
- SMPTE.RP142.2004
- SMPTE.RP143.2004
- SMPTE.ST143.1994
- SMPTE.RP144.1999
- SMPTE.RP145.2004
- SMPTE.ST145.2004
- SMPTE.ST146.2001
- SMPTE.RP148.1987
- SMPTE.ST148.2002
- SMPTE.RP149.1992
- SMPTE.ST149.2004
- SMPTE.RP150.2000
- SMPTE.RP151.1999
- SMPTE.ST151.2004
- SMPTE.RP152.1994
- SMPTE.ST152.2003
- SMPTE.RP153.1999
- SMPTE.ST153.2001
- SMPTE.ST154.2003
- SMPTE.RP155.2004
- SMPTE.RP155.2014
- SMPTE.RP156.1999
- SMPTE.RP157.1995
- SMPTE.RP157.2012
- SMPTE.ST157.1999
- SMPTE.RP158.1999
- SMPTE.ST159-1.2001
- SMPTE.ST159-2.2001
- SMPTE.RP160.1997
- SMPTE.ST160.1995
- SMPTE.RP161.1999
- SMPTE.ST161.1998
- SMPTE.RP162.1993
- SMPTE.ST162.1998
- SMPTE.RP163.1992
- SMPTE.ST163.1998
- SMPTE.ST164.2002
- SMPTE.RP165.1994
- SMPTE.ST165.1994
- SMPTE.RP166.1995
- SMPTE.ST166.2004
- SMPTE.RP167.1995
- SMPTE.RP168.2009
- SMPTE.ST168.2001
- SMPTE.RP169.1995
- SMPTE.ST169.2002
- SMPTE.RP170.1993
- SMPTE.ST170.2004
- SMPTE.RP171.1993
- SMPTE.ST171.2001
- SMPTE.RP172.1993
- SMPTE.RP173.2002
- SMPTE.ST173.2004
- SMPTE.RP174.1993
- SMPTE.ST174.1994
- SMPTE.RP175.1997
- SMPTE.RP176.1997
- SMPTE.ST176.1999
- SMPTE.RP177.1993
- SMPTE.ST177.1995
- SMPTE.RP178.2004
- SMPTE.RP179.2002
- SMPTE.ST179.1996
- SMPTE.RP180.1999
- SMPTE.RP181.1999
- SMPTE.ST181.2001
- SMPTE.RP182.1995
- SMPTE.RP183.2004
- SMPTE.ST183.1996
- SMPTE.RP184.2004
- SMPTE.RP184.2015
- SMPTE.ST184.1998
- SMPTE.RP185.2004
- SMPTE.ST185.2003
- SMPTE.ST185.2011
- SMPTE.RP186.2008
- SMPTE.RP187.1995
- SMPTE.RP189.1996
- SMPTE.RP190.1996
- SMPTE.RP191.1996
- SMPTE.RP192.2003
- SMPTE.RP192.2015
- SMPTE.ST192.1997
- SMPTE.RP194.2004
- SMPTE.ST194.2002
- SMPTE.RP195.2004
- SMPTE.ST195.2000
- SMPTE.ST196.2003
- SMPTE.RP197.2003
- SMPTE.ST197.2003
- SMPTE.RP198.1998
- SMPTE.ST198.2003
- SMPTE.RP199.2004
- SMPTE.ST199.2003
- SMPTE.RP200.2002
- SMPTE.RP200.2012
- SMPTE.ST200.2003
- SMPTE.RP201.2008
- SMPTE.ST201.1996
- SMPTE.RP202.2008
- SMPTE.ST202.2010
- SMPTE.RP203.2000
- SMPTE.ST203.2003
- SMPTE.ST203.2011
- SMPTE.RP204.2000
- SMPTE.RP205.2009
- SMPTE.RP205.2014
- SMPTE.ST205.1993
- SMPTE.RP206.1999
- SMPTE.ST206.1998
- SMPTE.RP207.2005
- SMPTE.ST207.1997
- SMPTE.RP208.2002
- SMPTE.ST208.1992
- SMPTE.RP209.2000
- SMPTE.ST209.1996
- SMPTE.RP210.2007
- SMPTE.RP210.2012
- SMPTE.ST210.2004
- SMPTE.RP211.2000
- SMPTE.ST211.2001
- SMPTE.RP212.2002
- SMPTE.ST212.1995
- SMPTE.RP213.2001
- SMPTE.RP214.2002
- SMPTE.ST214.2007
- SMPTE.RP215.2001
- SMPTE.RP215.2009
- SMPTE.ST215.1995
- SMPTE.RP216.2002
- SMPTE.ST216.1998
- SMPTE.RP217.2001
- SMPTE.ST217.1998
- SMPTE.ST217.2015
- SMPTE.RP218.2009
- SMPTE.ST218.1996
- SMPTE.RP219-1.2014
- SMPTE.RP219-2.2016
- SMPTE.RP219.2002
- SMPTE.RP220.2004
- SMPTE.ST220.1996
- SMPTE.RP221.2008
- SMPTE.ST221.2003
- SMPTE.RP222.2003
- SMPTE.ST222.1994
- SMPTE.RP223.2003
- SMPTE.ST223.2001
- SMPTE.RP224.2011
- SMPTE.RP224.2012
- SMPTE.ST224.2003
- SMPTE.RP225.2005
- SMPTE.ST225.2003
- SMPTE.ST226.1996
- SMPTE.RP227.2010
- SMPTE.ST227.1996
- SMPTE.RP228.2008
- SMPTE.ST228.1996
- SMPTE.ST229.1996
- SMPTE.ST230.1996
- SMPTE.ST231.2004
- SMPTE.ST233.2003
- SMPTE.ST234.1998
- SMPTE.ST235.1998
- SMPTE.ST236.1998
- SMPTE.ST237.2003
- SMPTE.ST238.1998
- SMPTE.ST239.2004
- SMPTE.ST240.1999
- SMPTE.ST241.1995
- SMPTE.ST241.2015
- SMPTE.ST242.2003
- SMPTE.ST243.1993
- SMPTE.ST244.2003
- SMPTE.ST245.1993
- SMPTE.ST246.2003
- SMPTE.ST247.2003
- SMPTE.ST248.2003
- SMPTE.ST249.1996
- SMPTE.ST250.1996
- SMPTE.ST251.1996
- SMPTE.ST252.1996
- SMPTE.ST253.1998
- SMPTE.ST254.2008
- SMPTE.ST256.1996
- SMPTE.ST257.1998
- SMPTE.ST258.2004
- SMPTE.ST259.2008
- SMPTE.ST260.1999
- SMPTE.ST262.1995
- SMPTE.ST263.2004
- SMPTE.ST264.1998
- SMPTE.ST265.1998
- SMPTE.ST266.2002
- SMPTE.ST266.2012
- SMPTE.ST267.1995
- SMPTE.RP268-3.2023-08
- SMPTE.ST268-1.2014
- SMPTE.ST268-2.2018
- SMPTE.ST268-2.2018Am1.2022
- SMPTE.ST268-2.2023-06
- SMPTE.ST268.2003
- SMPTE.ST268.2003Am1.2012
- SMPTE.ST268.2014
- SMPTE.ST269.1999
- SMPTE.ST270.2008
- SMPTE.ST271.2008
- SMPTE.ST272.2004
- SMPTE.ST273.2003
- SMPTE.ST274.2008
- SMPTE.ST275.1995
- SMPTE.ST276.1995
- SMPTE.ST277.1996
- SMPTE.ST278.1996
- SMPTE.ST279.2001
- SMPTE.RP291-2.2013
- SMPTE.ST291-1.2011
- SMPTE.RP291.2009
- SMPTE.ST291.2006
- SMPTE.OV292-0.2011
- SMPTE.OV292-0.2018
- SMPTE.ST292-1.2011
- SMPTE.ST292-1.2012
- SMPTE.ST292-1.2018
- SMPTE.ST292-2.2011
- SMPTE.ST293.2003
- SMPTE.ST294.2001
- SMPTE.ST295.1997
- SMPTE.ST296.2001
- SMPTE.ST296.2011
- SMPTE.ST296.2012
- SMPTE.OV297-0.2017
- SMPTE.ST297-1.2015
- SMPTE.ST297-2.2017
- SMPTE.ST297.2006
- SMPTE.ST297.2015
- SMPTE.ST298.2009
- SMPTE.OV299-0.2010
- SMPTE.ST299-1.2009
- SMPTE.ST299-2.2010
- SMPTE.ST300.2002
- SMPTE.ST301.2005
- SMPTE.ST302.2007
- SMPTE.ST303.2002
- SMPTE.ST304.2009
- SMPTE.ST305.2005
- SMPTE.ST306.2002
- SMPTE.ST307.2002
- SMPTE.ST308.2004
- SMPTE.ST309.1999
- SMPTE.ST309.2012
- SMPTE.ST310.2010
- SMPTE.ST311.2009
- SMPTE.ST312.2001
- SMPTE.ST313.2008
- SMPTE.ST314.2005
- SMPTE.ST315.2004
- SMPTE.ST316.2006
- SMPTE.ST317.1999
- SMPTE.ST318.1999
- SMPTE.ST318.2015
- SMPTE.ST319.2000
- SMPTE.ST321.2002
- SMPTE.ST322.2004
- SMPTE.ST323.2004
- SMPTE.ST324.2004
- SMPTE.ST325.1999
- SMPTE.ST326.2000
- SMPTE.ST327.2000
- SMPTE.ST328.2000
- SMPTE.ST329.2000
- SMPTE.ST330.2004
- SMPTE.ST330.2011
- SMPTE.ST330.2022
- SMPTE.ST331.2004
- SMPTE.ST331.2011
- SMPTE.ST331.2011Am1.2023
- SMPTE.ST332.2000
- SMPTE.ST333.2008
- SMPTE.ST334-1.2007
- SMPTE.ST334-1.2015
- SMPTE.ST334-2.2007
- SMPTE.ST334-2.2015
- SMPTE.ST335.2001
- SMPTE.ST335.2012
- SMPTE.ST335.2012Am1.2019
- SMPTE.ST336.2007
- SMPTE.ST336.2017
- SMPTE.ST337.2008
- SMPTE.ST337.2015
- SMPTE.ST338.2010
- SMPTE.ST338.2015
- SMPTE.ST338.2016
- SMPTE.ST338.2016Am1.2019
- SMPTE.ST339.2008
- SMPTE.ST339.2015
- SMPTE.ST340.2008
- SMPTE.ST340.2015
- SMPTE.ST341.2000
- SMPTE.ST342.2004
- SMPTE.ST343.2002
- SMPTE.ST344.2000
- SMPTE.ST345.2002
- SMPTE.ST346.2000
- SMPTE.ST347.2001
- SMPTE.ST348.2005
- SMPTE.ST349.2001
- SMPTE.ST351.2000
- SMPTE.ST353.2000
- SMPTE.ST354.2002
- SMPTE.ST355.2001
- SMPTE.ST356.2001
- SMPTE.ST357.2002
- SMPTE.ST358.2001
- SMPTE.ST359.2001
- SMPTE.ST360.2009
- SMPTE.ST377-1.2009
- SMPTE.ST377-1.2011
- SMPTE.ST377-1.2011Am1.2012
- SMPTE.ST377-1.2011Am2.2012
- SMPTE.ST377-1.2019
- SMPTE.ST427.2009
- SMPTE.RP428-22.2025-06
- SMPTE.ST428-24.2024-11
- SMPTE.ST428-3.2006
- SMPTE.ST429-10.2008
- SMPTE.ST429-10.2023-09
- SMPTE.ST429-18.2019
- SMPTE.ST429-18.2023-09
- SMPTE.ST429-19.2019
- SMPTE.ST429-19.2023-09
- SMPTE.ST429-2.2009
- SMPTE.ST429-2.2011
- SMPTE.ST429-2.2011Am1.2013
- SMPTE.ST429-2.2013
- SMPTE.ST429-2.2013Am1.2018
- SMPTE.ST429-2.2019
- SMPTE.ST429-2.2020
- SMPTE.ST429-2.2023-09
- SMPTE.ST429-3.2007
- SMPTE.ST429-3.2023-09
- SMPTE.ST429-4.2006
- SMPTE.ST429-4.2020
- SMPTE.ST429-4.2023-05
- SMPTE.ST429-6.2006
- SMPTE.ST429-6.2006Am1.2017
- SMPTE.ST429-6.2023-05
- SMPTE.ST429-9.2007
- SMPTE.ST429-9.2007Am1.2010
- SMPTE.ST429-9.2014
- SMPTE.ST430-1.2006
- SMPTE.ST430-1.2006Am1.2009
- SMPTE.ST430-1.2017
- SMPTE.ST430-1.2017Am1.2019
- SMPTE.ST430-1.2023-09
- SMPTE.RP431-2.2011
- SMPTE.ST431-1.2006
- SMPTE.EG432-1.2010
- SMPTE.EG432-2.2006
- SMPTE.ST2035.2009
- SMPTE.ST2035.2009Am1.2012
- SMPTE.ST2035.2020
- SMPTE.RP2058-2.2011
- SMPTE.RP2058-3.2011
- SMPTE.RP2058-4.2011
- SMPTE.ST2058-1.2011
- SMPTE.ST2067-20.2013
- SMPTE.ST2067-20.2016
- SMPTE.ST2101.2015
- SMPTE.ST2106.2016
- SMPTE.ST2116.2019
- SMPTE.ST2126.2025-08
- SMPTE.AG01
- SMPTE.AG02
- SMPTE.AG03
- SMPTE.AG04
- SMPTE.AG05
- SMPTE.AG06
- SMPTE.AG07
- SMPTE.AG08
- SMPTE.AG10
- SMPTE.AG10B
- SMPTE.AG12
- SMPTE.AG14
- SMPTE.AG15
- SMPTE.AG16
- SMPTE.AG18
- SMPTE.AG19
- SMPTE.AG20
- SMPTE.AG21
- SMPTE.AG22
- SMPTE.AG24
- SMPTE.AG25
- SMPTE.AG26
- SMPTE.AG28
- SMPTE.AG29
- SMPTE.AG30
- SMPTE.AG31

### 🧠 MRI updated (beforeExit) — uniqueRefIds=1052, orphans=0
